2025-12-16 21:45:04,303 - INFO - Connected to Binance Futures (Dry Run: True)
2025-12-16 21:45:05,590 - INFO - Model loaded successfully: models/ppo_lstm_parallel_1765916372
2025-12-16 21:45:05,591 - INFO - Starting Live Trader for BTC/USDT on 5m
2025-12-16 21:45:05,591 - INFO - Mode: DRY RUN
2025-12-16 21:45:05,591 - INFO - Waiting 299s for candle close...
2025-12-16 21:46:36,065 - INFO - Connected to Binance Futures (Dry Run: True)
2025-12-16 21:46:37,403 - INFO - Model loaded successfully: models/ppo_lstm_parallel_1765916372
2025-12-16 21:46:37,404 - INFO - Starting Live Trader for BTC/USDT on 5m
2025-12-16 21:46:37,404 - INFO - Mode: DRY RUN
2025-12-16 21:46:37,404 - INFO - Waiting 208s for candle close...
2025-12-16 21:53:41,229 - INFO - Connected to Binance Futures (Dry Run: True)
2025-12-16 21:53:42,429 - INFO - Model loaded successfully: models/ppo_lstm_parallel_1765916372
2025-12-16 21:53:42,429 - INFO - Starting Live Trader for BTC/USDT on 5m
2025-12-16 21:53:42,429 - INFO - Mode: DRY RUN
2025-12-16 21:53:42,430 - INFO - Waiting 83s for candle close...
2025-12-16 21:55:05,286 - ERROR - Error fetching data: binanceusdm {"code":-2008,"msg":"Invalid Api-Key ID."}
2025-12-16 21:55:05,286 - INFO - Waiting 300s for candle close...
2025-12-16 21:56:03,736 - INFO - Connected to Binance Futures (Dry Run: True)
2025-12-16 21:56:04,966 - INFO - Model loaded successfully: models/ppo_lstm_parallel_1765916372
2025-12-16 21:56:04,967 - INFO - Starting Live Trader for BTC/USDT on 5m
2025-12-16 21:56:04,967 - INFO - Mode: DRY RUN
2025-12-16 21:56:04,967 - INFO - Waiting 240s for candle close...
2025-12-16 22:00:05,835 - INFO - Waiting 299s for candle close...
2025-12-16 22:05:05,432 - INFO - OPEN SWING SHORT | Price: 87568.5 | Size: 0.2284 | Reason: gp_short
2025-12-16 22:05:05,432 - INFO - Waiting 300s for candle close...
2025-12-16 22:10:05,430 - INFO - Waiting 300s for candle close...
2025-12-16 22:15:05,412 - INFO - Waiting 300s for candle close...
2025-12-16 22:20:05,415 - INFO - Waiting 300s for candle close...
2025-12-16 22:25:05,409 - INFO - OPEN SCALP LONG | Price: 87634.6 | Size: 0.0571 | Reason: grind_long
2025-12-16 22:25:05,409 - INFO - Waiting 300s for candle close...
2025-12-16 22:30:05,441 - INFO - Waiting 300s for candle close...
2025-12-16 22:35:05,422 - INFO - Waiting 300s for candle close...
2025-12-16 22:40:05,435 - INFO - Waiting 300s for candle close...
2025-12-16 22:45:05,442 - INFO - Trade Closed: long scalp | PnL: 12.47 | New Balance: 10012.47
2025-12-16 22:45:05,442 - INFO - Waiting 300s for candle close...
2025-12-16 22:50:06,111 - INFO - Waiting 299s for candle close...
2025-12-16 22:55:05,435 - INFO - Waiting 300s for candle close...
2025-12-16 23:00:06,264 - INFO - Waiting 299s for candle close...
2025-12-16 23:05:05,438 - INFO - Waiting 300s for candle close...
2025-12-16 23:10:05,427 - INFO - Waiting 300s for candle close...
2025-12-16 23:15:05,420 - INFO - Waiting 300s for candle close...
2025-12-16 23:20:05,432 - INFO - Waiting 300s for candle close...
2025-12-16 23:25:05,430 - INFO - Waiting 300s for candle close...
